# JRE version: Java(TM) SE Runtime Environment (13.0.2+8) (build 13.0.2+8)
# Java VM: Java HotSpot(TM) 64-Bit Server VM (13.0.2+8, mixed mode, sharing, tiered, compressed oops, parallel gc, windows-amd64)
Heap:
 PSYoungGen      total 24576K, used 17376K [0x00000000eab00000, 0x00000000ec600000, 0x0000000100000000)
  eden space 22016K, 76% used [0x00000000eab00000,0x00000000ebb80258,0x00000000ec080000)
  from space 2560K, 18% used [0x00000000ec180000,0x00000000ec1f8000,0x00000000ec400000)
  to   space 1024K, 0% used [0x00000000ec500000,0x00000000ec500000,0x00000000ec600000)
 ParOldGen       total 68608K, used 30868K [0x00000000c0000000, 0x00000000c4300000, 0x00000000eab00000)
  object space 68608K, 44% used [0x00000000c0000000,0x00000000c1e251d8,0x00000000c4300000)
 Metaspace       used 37771K, capacity 39412K, committed 39728K, reserved 1085440K
  class space    used 3570K, capacity 4150K, committed 4224K, reserved 1048576K
GC Heap History (20 events):
Event: 5.023 GC heap before
{Heap before GC invocations=8 (full 1):
 PSYoungGen      total 27648K, used 27643K [0x00000000eab00000, 0x00000000ed000000, 0x0000000100000000)
  eden space 23040K, 100% used [0x00000000eab00000,0x00000000ec180000,0x00000000ec180000)
  from space 4608K, 99% used [0x00000000ec800000,0x00000000ecc7ec60,0x00000000ecc80000)
  to   space 6656K, 0% used [0x00000000ec180000,0x00000000ec180000,0x00000000ec800000)
 ParOldGen       total 68608K, used 11467K [0x00000000c0000000, 0x00000000c4300000, 0x00000000eab00000)
  object space 68608K, 16% used [0x00000000c0000000,0x00000000c0b32cc0,0x00000000c4300000)
 Metaspace       used 27106K, capacity 28676K, committed 28848K, reserved 1075200K
  class space    used 2653K, capacity 3234K, committed 3328K, reserved 1048576K
}
Event: 5.028 GC heap after
{Heap after GC invocations=8 (full 1):
 PSYoungGen      total 29184K, used 6543K [0x00000000eab00000, 0x00000000ecf00000, 0x0000000100000000)
  eden space 22528K, 0% used [0x00000000eab00000,0x00000000eab00000,0x00000000ec100000)
  from space 6656K, 98% used [0x00000000ec180000,0x00000000ec7e3dc0,0x00000000ec800000)
  to   space 7168K, 0% used [0x00000000ec800000,0x00000000ec800000,0x00000000ecf00000)
 ParOldGen       total 68608K, used 11475K [0x00000000c0000000, 0x00000000c4300000, 0x00000000eab00000)
  object space 68608K, 16% used [0x00000000c0000000,0x00000000c0b34cc0,0x00000000c4300000)
 Metaspace       used 27106K, capacity 28676K, committed 28848K, reserved 1075200K
  class space    used 2653K, capacity 3234K, committed 3328K, reserved 1048576K
}
Event: 5.095 GC heap before
{Heap before GC invocations=9 (full 1):
 PSYoungGen      total 29184K, used 29071K [0x00000000eab00000, 0x00000000ecf00000, 0x0000000100000000)
  eden space 22528K, 100% used [0x00000000eab00000,0x00000000ec100000,0x00000000ec100000)
  from space 6656K, 98% used [0x00000000ec180000,0x00000000ec7e3dc0,0x00000000ec800000)
  to   space 7168K, 0% used [0x00000000ec800000,0x00000000ec800000,0x00000000ecf00000)
 ParOldGen       total 68608K, used 11475K [0x00000000c0000000, 0x00000000c4300000, 0x00000000eab00000)
  object space 68608K, 16% used [0x00000000c0000000,0x00000000c0b34cc0,0x00000000c4300000)
 Metaspace       used 27147K, capacity 28772K, committed 28848K, reserved 1075200K
  class space    used 2663K, capacity 3266K, committed 3328K, reserved 1048576K
}
Event: 5.103 GC heap after
{Heap after GC invocations=9 (full 1):
 PSYoungGen      total 29184K, used 6932K [0x00000000eab00000, 0x00000000ecf00000, 0x0000000100000000)
  eden space 22016K, 0% used [0x00000000eab00000,0x00000000eab00000,0x00000000ec080000)
  from space 7168K, 96% used [0x00000000ec800000,0x00000000ecec5150,0x00000000ecf00000)
  to   space 7168K, 0% used [0x00000000ec100000,0x00000000ec100000,0x00000000ec800000)
 ParOldGen       total 68608K, used 13343K [0x00000000c0000000, 0x00000000c4300000, 0x00000000eab00000)
  object space 68608K, 19% used [0x00000000c0000000,0x00000000c0d07f58,0x00000000c4300000)
 Metaspace       used 27147K, capacity 28772K, committed 28848K, reserved 1075200K
  class space    used 2663K, capacity 3266K, committed 3328K, reserved 1048576K
}
Event: 5.210 GC heap before
{Heap before GC invocations=10 (full 1):
 PSYoungGen      total 29184K, used 28948K [0x00000000eab00000, 0x00000000ecf00000, 0x0000000100000000)
  eden space 22016K, 100% used [0x00000000eab00000,0x00000000ec080000,0x00000000ec080000)
  from space 7168K, 96% used [0x00000000ec800000,0x00000000ecec5150,0x00000000ecf00000)
  to   space 7168K, 0% used [0x00000000ec100000,0x00000000ec100000,0x00000000ec800000)
 ParOldGen       total 68608K, used 13343K [0x00000000c0000000, 0x00000000c4300000, 0x00000000eab00000)
  object space 68608K, 19% used [0x00000000c0000000,0x00000000c0d07f58,0x00000000c4300000)
 Metaspace       used 27148K, capacity 28772K, committed 28848K, reserved 1075200K
  class space    used 2663K, capacity 3266K, committed 3328K, reserved 1048576K
}
Event: 5.220 GC heap after
{Heap after GC invocations=10 (full 1):
 PSYoungGen      total 28672K, used 6272K [0x00000000eab00000, 0x00000000ecd80000, 0x0000000100000000)
  eden space 22016K, 0% used [0x00000000eab00000,0x00000000eab00000,0x00000000ec080000)
  from space 6656K, 94% used [0x00000000ec100000,0x00000000ec720020,0x00000000ec780000)
  to   space 6144K, 0% used [0x00000000ec780000,0x00000000ec780000,0x00000000ecd80000)
 ParOldGen       total 68608K, used 16050K [0x00000000c0000000, 0x00000000c4300000, 0x00000000eab00000)
  object space 68608K, 23% used [0x00000000c0000000,0x00000000c0fac990,0x00000000c4300000)
 Metaspace       used 27148K, capacity 28772K, committed 28848K, reserved 1075200K
  class space    used 2663K, capacity 3266K, committed 3328K, reserved 1048576K
}
Event: 5.276 GC heap before
{Heap before GC invocations=11 (full 1):
 PSYoungGen      total 28672K, used 28288K [0x00000000eab00000, 0x00000000ecd80000, 0x0000000100000000)
  eden space 22016K, 100% used [0x00000000eab00000,0x00000000ec080000,0x00000000ec080000)
  from space 6656K, 94% used [0x00000000ec100000,0x00000000ec720020,0x00000000ec780000)
  to   space 6144K, 0% used [0x00000000ec780000,0x00000000ec780000,0x00000000ecd80000)
 ParOldGen       total 68608K, used 16050K [0x00000000c0000000, 0x00000000c4300000, 0x00000000eab00000)
  object space 68608K, 23% used [0x00000000c0000000,0x00000000c0fac990,0x00000000c4300000)
 Metaspace       used 27148K, capacity 28772K, committed 28848K, reserved 1075200K
  class space    used 2663K, capacity 3266K, committed 3328K, reserved 1048576K
}
Event: 5.282 GC heap after
{Heap after GC invocations=11 (full 1):
 PSYoungGen      total 26112K, used 4032K [0x00000000eab00000, 0x00000000ecb80000, 0x0000000100000000)
  eden space 22016K, 0% used [0x00000000eab00000,0x00000000eab00000,0x00000000ec080000)
  from space 4096K, 98% used [0x00000000ec780000,0x00000000ecb70010,0x00000000ecb80000)
  to   space 5120K, 0% used [0x00000000ec180000,0x00000000ec180000,0x00000000ec680000)
 ParOldGen       total 68608K, used 20147K [0x00000000c0000000, 0x00000000c4300000, 0x00000000eab00000)
  object space 68608K, 29% used [0x00000000c0000000,0x00000000c13ace90,0x00000000c4300000)
 Metaspace       used 27148K, capacity 28772K, committed 28848K, reserved 1075200K
  class space    used 2663K, capacity 3266K, committed 3328K, reserved 1048576K
}
Event: 5.873 GC heap before
{Heap before GC invocations=12 (full 1):
 PSYoungGen      total 26112K, used 26048K [0x00000000eab00000, 0x00000000ecb80000, 0x0000000100000000)
  eden space 22016K, 100% used [0x00000000eab00000,0x00000000ec080000,0x00000000ec080000)
  from space 4096K, 98% used [0x00000000ec780000,0x00000000ecb70010,0x00000000ecb80000)
  to   space 5120K, 0% used [0x00000000ec180000,0x00000000ec180000,0x00000000ec680000)
 ParOldGen       total 68608K, used 20147K [0x00000000c0000000, 0x00000000c4300000, 0x00000000eab00000)
  object space 68608K, 29% used [0x00000000c0000000,0x00000000c13ace90,0x00000000c4300000)
 Metaspace       used 29049K, capacity 30757K, committed 30896K, reserved 1077248K
  class space    used 2897K, capacity 3505K, committed 3584K, reserved 1048576K
}
Event: 5.878 GC heap after
{Heap after GC invocations=12 (full 1):
 PSYoungGen      total 25088K, used 2629K [0x00000000eab00000, 0x00000000ec800000, 0x0000000100000000)
  eden space 22016K, 0% used [0x00000000eab00000,0x00000000eab00000,0x00000000ec080000)
  from space 3072K, 85% used [0x00000000ec180000,0x00000000ec4114b8,0x00000000ec480000)
  to   space 3584K, 0% used [0x00000000ec480000,0x00000000ec480000,0x00000000ec800000)
 ParOldGen       total 68608K, used 24145K [0x00000000c0000000, 0x00000000c4300000, 0x00000000eab00000)
  object space 68608K, 35% used [0x00000000c0000000,0x00000000c1794720,0x00000000c4300000)
 Metaspace       used 29049K, capacity 30757K, committed 30896K, reserved 1077248K
  class space    used 2897K, capacity 3505K, committed 3584K, reserved 1048576K
}
Event: 6.746 GC heap before
{Heap before GC invocations=13 (full 1):
 PSYoungGen      total 25088K, used 24645K [0x00000000eab00000, 0x00000000ec800000, 0x0000000100000000)
  eden space 22016K, 100% used [0x00000000eab00000,0x00000000ec080000,0x00000000ec080000)
  from space 3072K, 85% used [0x00000000ec180000,0x00000000ec4114b8,0x00000000ec480000)
  to   space 3584K, 0% used [0x00000000ec480000,0x00000000ec480000,0x00000000ec800000)
 ParOldGen       total 68608K, used 24145K [0x00000000c0000000, 0x00000000c4300000, 0x00000000eab00000)
  object space 68608K, 35% used [0x00000000c0000000,0x00000000c1794720,0x00000000c4300000)
 Metaspace       used 30933K, capacity 32558K, committed 32816K, reserved 1079296K
  class space    used 3053K, capacity 3615K, committed 3712K, reserved 1048576K
}
Event: 6.751 GC heap after
{Heap after GC invocations=13 (full 1):
 PSYoungGen      total 24576K, used 2080K [0x00000000eab00000, 0x00000000ec700000, 0x0000000100000000)
  eden space 22016K, 0% used [0x00000000eab00000,0x00000000eab00000,0x00000000ec080000)
  from space 2560K, 81% used [0x00000000ec480000,0x00000000ec688040,0x00000000ec700000)
  to   space 2560K, 0% used [0x00000000ec200000,0x00000000ec200000,0x00000000ec480000)
 ParOldGen       total 68608K, used 26653K [0x00000000c0000000, 0x00000000c4300000, 0x00000000eab00000)
  object space 68608K, 38% used [0x00000000c0000000,0x00000000c1a075f8,0x00000000c4300000)
 Metaspace       used 30933K, capacity 32558K, committed 32816K, reserved 1079296K
  class space    used 3053K, capacity 3615K, committed 3712K, reserved 1048576K
}
Event: 7.194 GC heap before
{Heap before GC invocations=14 (full 1):
 PSYoungGen      total 24576K, used 24096K [0x00000000eab00000, 0x00000000ec700000, 0x0000000100000000)
  eden space 22016K, 100% used [0x00000000eab00000,0x00000000ec080000,0x00000000ec080000)
  from space 2560K, 81% used [0x00000000ec480000,0x00000000ec688040,0x00000000ec700000)
  to   space 2560K, 0% used [0x00000000ec200000,0x00000000ec200000,0x00000000ec480000)
 ParOldGen       total 68608K, used 26653K [0x00000000c0000000, 0x00000000c4300000, 0x00000000eab00000)
  object space 68608K, 38% used [0x00000000c0000000,0x00000000c1a075f8,0x00000000c4300000)
 Metaspace       used 32874K, capacity 34495K, committed 34736K, reserved 1081344K
  class space    used 3229K, capacity 3813K, committed 3840K, reserved 1048576K
}
Event: 7.197 GC heap after
{Heap after GC invocations=14 (full 1):
 PSYoungGen      total 24576K, used 2533K [0x00000000eab00000, 0x00000000eca80000, 0x0000000100000000)
  eden space 22016K, 0% used [0x00000000eab00000,0x00000000eab00000,0x00000000ec080000)
  from space 2560K, 98% used [0x00000000ec200000,0x00000000ec479508,0x00000000ec480000)
  to   space 5120K, 0% used [0x00000000ec580000,0x00000000ec580000,0x00000000eca80000)
 ParOldGen       total 68608K, used 28392K [0x00000000c0000000, 0x00000000c4300000, 0x00000000eab00000)
  object space 68608K, 41% used [0x00000000c0000000,0x00000000c1bba0c8,0x00000000c4300000)
 Metaspace       used 32874K, capacity 34495K, committed 34736K, reserved 1081344K
  class space    used 3229K, capacity 3813K, committed 3840K, reserved 1048576K
}
Event: 7.307 GC heap before
{Heap before GC invocations=15 (full 1):
 PSYoungGen      total 24576K, used 5624K [0x00000000eab00000, 0x00000000eca80000, 0x0000000100000000)
  eden space 22016K, 14% used [0x00000000eab00000,0x00000000eae04b70,0x00000000ec080000)
  from space 2560K, 98% used [0x00000000ec200000,0x00000000ec479508,0x00000000ec480000)
  to   space 5120K, 0% used [0x00000000ec580000,0x00000000ec580000,0x00000000eca80000)
 ParOldGen       total 68608K, used 28392K [0x00000000c0000000, 0x00000000c4300000, 0x00000000eab00000)
  object space 68608K, 41% used [0x00000000c0000000,0x00000000c1bba0c8,0x00000000c4300000)
 Metaspace       used 33661K, capacity 35276K, committed 35376K, reserved 1081344K
  class space    used 3269K, capacity 3881K, committed 3968K, reserved 1048576K
}
Event: 7.311 GC heap after
{Heap after GC invocations=15 (full 1):
 PSYoungGen      total 23040K, used 828K [0x00000000eab00000, 0x00000000ec680000, 0x0000000100000000)
  eden space 22016K, 0% used [0x00000000eab00000,0x00000000eab00000,0x00000000ec080000)
  from space 1024K, 80% used [0x00000000ec580000,0x00000000ec64f090,0x00000000ec680000)
  to   space 2560K, 0% used [0x00000000ec180000,0x00000000ec180000,0x00000000ec400000)
 ParOldGen       total 68608K, used 30926K [0x00000000c0000000, 0x00000000c4300000, 0x00000000eab00000)
  object space 68608K, 45% used [0x00000000c0000000,0x00000000c1e33a88,0x00000000c4300000)
 Metaspace       used 33661K, capacity 35276K, committed 35376K, reserved 1081344K
  class space    used 3269K, capacity 3881K, committed 3968K, reserved 1048576K
}
Event: 7.311 GC heap before
{Heap before GC invocations=16 (full 2):
 PSYoungGen      total 23040K, used 828K [0x00000000eab00000, 0x00000000ec680000, 0x0000000100000000)
  eden space 22016K, 0% used [0x00000000eab00000,0x00000000eab00000,0x00000000ec080000)
  from space 1024K, 80% used [0x00000000ec580000,0x00000000ec64f090,0x00000000ec680000)
  to   space 2560K, 0% used [0x00000000ec180000,0x00000000ec180000,0x00000000ec400000)
 ParOldGen       total 68608K, used 30926K [0x00000000c0000000, 0x00000000c4300000, 0x00000000eab00000)
  object space 68608K, 45% used [0x00000000c0000000,0x00000000c1e33a88,0x00000000c4300000)
 Metaspace       used 33661K, capacity 35276K, committed 35376K, reserved 1081344K
  class space    used 3269K, capacity 3881K, committed 3968K, reserved 1048576K
}
Event: 7.427 GC heap after
{Heap after GC invocations=16 (full 2):
 PSYoungGen      total 23040K, used 0K [0x00000000eab00000, 0x00000000ec680000, 0x0000000100000000)
  eden space 22016K, 0% used [0x00000000eab00000,0x00000000eab00000,0x00000000ec080000)
  from space 1024K, 0% used [0x00000000ec580000,0x00000000ec580000,0x00000000ec680000)
  to   space 2560K, 0% used [0x00000000ec180000,0x00000000ec180000,0x00000000ec400000)
 ParOldGen       total 68608K, used 30860K [0x00000000c0000000, 0x00000000c4300000, 0x00000000eab00000)
  object space 68608K, 44% used [0x00000000c0000000,0x00000000c1e231d8,0x00000000c4300000)
 Metaspace       used 33661K, capacity 35276K, committed 35376K, reserved 1081344K
  class space    used 3269K, capacity 3881K, committed 3968K, reserved 1048576K
}
Event: 59.654 GC heap before
{Heap before GC invocations=17 (full 2):
 PSYoungGen      total 23040K, used 22016K [0x00000000eab00000, 0x00000000ec680000, 0x0000000100000000)
  eden space 22016K, 100% used [0x00000000eab00000,0x00000000ec080000,0x00000000ec080000)
  from space 1024K, 0% used [0x00000000ec580000,0x00000000ec580000,0x00000000ec680000)
  to   space 2560K, 0% used [0x00000000ec180000,0x00000000ec180000,0x00000000ec400000)
 ParOldGen       total 68608K, used 30860K [0x00000000c0000000, 0x00000000c4300000, 0x00000000eab00000)
  object space 68608K, 44% used [0x00000000c0000000,0x00000000c1e231d8,0x00000000c4300000)
 Metaspace       used 36177K, capacity 37787K, committed 38064K, reserved 1083392K
  class space    used 3449K, capacity 4014K, committed 4096K, reserved 1048576K
}
Event: 59.656 GC heap after
{Heap after GC invocations=17 (full 2):
 PSYoungGen      total 24576K, used 480K [0x00000000eab00000, 0x00000000ec600000, 0x0000000100000000)
  eden space 22016K, 0% used [0x00000000eab00000,0x00000000eab00000,0x00000000ec080000)
  from space 2560K, 18% used [0x00000000ec180000,0x00000000ec1f8000,0x00000000ec400000)
  to   space 1024K, 0% used [0x00000000ec500000,0x00000000ec500000,0x00000000ec600000)
 ParOldGen       total 68608K, used 30868K [0x00000000c0000000, 0x00000000c4300000, 0x00000000eab00000)
  object space 68608K, 44% used [0x00000000c0000000,0x00000000c1e251d8,0x00000000c4300000)
 Metaspace       used 36177K, capacity 37787K, committed 38064K, reserved 1083392K
  class space    used 3449K, capacity 4014K, committed 4096K, reserved 1048576K
}

